0 info it worked if it ends with ok
1 verbose cli [ '/home/user/DMI/t/node-v6.14.1-linux-x64/bin/node',
1 verbose cli   '/home/user/DMI/t/node-v6.14.1-linux-x64/bin/npm',
1 verbose cli   'i',
1 verbose cli   'bower.json' ]
2 info using npm@3.10.10
3 info using node@v6.14.1
4 verbose config Skipping project config: /home/user/.npmrc. (matches userconfig)
5 silly loadCurrentTree Starting
6 silly install loadCurrentTree
7 silly install readLocalPackageData
8 silly fetchPackageMetaData bower.json
9 silly fetchNamedPackageData bower.json
10 silly mapToRegistry name bower.json
11 silly mapToRegistry using default registry
12 silly mapToRegistry registry https://registry.npmjs.org/
13 silly mapToRegistry data Result {
13 silly mapToRegistry   raw: 'bower.json',
13 silly mapToRegistry   scope: null,
13 silly mapToRegistry   escapedName: 'bower.json',
13 silly mapToRegistry   name: 'bower.json',
13 silly mapToRegistry   rawSpec: '',
13 silly mapToRegistry   spec: 'latest',
13 silly mapToRegistry   type: 'tag' }
14 silly mapToRegistry uri https://registry.npmjs.org/bower.json
15 verbose request uri https://registry.npmjs.org/bower.json
16 verbose request no auth needed
17 info attempt registry request try #1 at 9:13:07 AM
18 verbose request id 8a58184aba981e10
19 http request GET https://registry.npmjs.org/bower.json
20 http 404 https://registry.npmjs.org/bower.json
21 verbose headers { 'content-type': 'application/json',
21 verbose headers   'cache-control': 'max-age=0',
21 verbose headers   'content-length': '2',
21 verbose headers   'accept-ranges': 'bytes',
21 verbose headers   date: 'Wed, 09 May 2018 06:13:09 GMT',
21 verbose headers   via: '1.1 varnish',
21 verbose headers   connection: 'keep-alive',
21 verbose headers   'x-served-by': 'cache-bma7032-BMA',
21 verbose headers   'x-cache': 'MISS',
21 verbose headers   'x-cache-hits': '0',
21 verbose headers   'x-timer': 'S1525846388.717354,VS0,VE1647',
21 verbose headers   vary: 'Accept-Encoding' }
22 silly get cb [ 404,
22 silly get   { 'content-type': 'application/json',
22 silly get     'cache-control': 'max-age=0',
22 silly get     'content-length': '2',
22 silly get     'accept-ranges': 'bytes',
22 silly get     date: 'Wed, 09 May 2018 06:13:09 GMT',
22 silly get     via: '1.1 varnish',
22 silly get     connection: 'keep-alive',
22 silly get     'x-served-by': 'cache-bma7032-BMA',
22 silly get     'x-cache': 'MISS',
22 silly get     'x-cache-hits': '0',
22 silly get     'x-timer': 'S1525846388.717354,VS0,VE1647',
22 silly get     vary: 'Accept-Encoding' } ]
23 silly fetchPackageMetaData Error: Registry returned 404 for GET on https://registry.npmjs.org/bower.json
23 silly fetchPackageMetaData     at makeError (/home/user/DMI/t/node-v6.14.1-linux-x64/lib/node_modules/npm/node_modules/npm-registry-client/lib/request.js:302:12)
23 silly fetchPackageMetaData     at CachingRegistryClient.<anonymous> (/home/user/DMI/t/node-v6.14.1-linux-x64/lib/node_modules/npm/node_modules/npm-registry-client/lib/request.js:280:14)
23 silly fetchPackageMetaData     at Request._callback (/home/user/DMI/t/node-v6.14.1-linux-x64/lib/node_modules/npm/node_modules/npm-registry-client/lib/request.js:210:14)
23 silly fetchPackageMetaData     at Request.self.callback (/home/user/DMI/t/node-v6.14.1-linux-x64/lib/node_modules/npm/node_modules/request/request.js:187:22)
23 silly fetchPackageMetaData     at emitTwo (events.js:106:13)
23 silly fetchPackageMetaData     at Request.emit (events.js:191:7)
23 silly fetchPackageMetaData     at Request.<anonymous> (/home/user/DMI/t/node-v6.14.1-linux-x64/lib/node_modules/npm/node_modules/request/request.js:1048:10)
23 silly fetchPackageMetaData     at emitOne (events.js:96:13)
23 silly fetchPackageMetaData     at Request.emit (events.js:188:7)
23 silly fetchPackageMetaData     at IncomingMessage.<anonymous> (/home/user/DMI/t/node-v6.14.1-linux-x64/lib/node_modules/npm/node_modules/request/request.js:969:12)
23 silly fetchPackageMetaData  error for bower.json { Error: Registry returned 404 for GET on https://registry.npmjs.org/bower.json
23 silly fetchPackageMetaData     at makeError (/home/user/DMI/t/node-v6.14.1-linux-x64/lib/node_modules/npm/node_modules/npm-registry-client/lib/request.js:302:12)
23 silly fetchPackageMetaData     at CachingRegistryClient.<anonymous> (/home/user/DMI/t/node-v6.14.1-linux-x64/lib/node_modules/npm/node_modules/npm-registry-client/lib/request.js:280:14)
23 silly fetchPackageMetaData     at Request._callback (/home/user/DMI/t/node-v6.14.1-linux-x64/lib/node_modules/npm/node_modules/npm-registry-client/lib/request.js:210:14)
23 silly fetchPackageMetaData     at Request.self.callback (/home/user/DMI/t/node-v6.14.1-linux-x64/lib/node_modules/npm/node_modules/request/request.js:187:22)
23 silly fetchPackageMetaData     at emitTwo (events.js:106:13)
23 silly fetchPackageMetaData     at Request.emit (events.js:191:7)
23 silly fetchPackageMetaData     at Request.<anonymous> (/home/user/DMI/t/node-v6.14.1-linux-x64/lib/node_modules/npm/node_modules/request/request.js:1048:10)
23 silly fetchPackageMetaData     at emitOne (events.js:96:13)
23 silly fetchPackageMetaData     at Request.emit (events.js:188:7)
23 silly fetchPackageMetaData     at IncomingMessage.<anonymous> (/home/user/DMI/t/node-v6.14.1-linux-x64/lib/node_modules/npm/node_modules/request/request.js:969:12) pkgid: 'bower.json', statusCode: 404, code: 'E404' }
24 silly rollbackFailedOptional Starting
25 silly rollbackFailedOptional Finishing
26 silly runTopLevelLifecycles Finishing
27 silly install printInstalled
28 verbose stack Error: Registry returned 404 for GET on https://registry.npmjs.org/bower.json
28 verbose stack     at makeError (/home/user/DMI/t/node-v6.14.1-linux-x64/lib/node_modules/npm/node_modules/npm-registry-client/lib/request.js:302:12)
28 verbose stack     at CachingRegistryClient.<anonymous> (/home/user/DMI/t/node-v6.14.1-linux-x64/lib/node_modules/npm/node_modules/npm-registry-client/lib/request.js:280:14)
28 verbose stack     at Request._callback (/home/user/DMI/t/node-v6.14.1-linux-x64/lib/node_modules/npm/node_modules/npm-registry-client/lib/request.js:210:14)
28 verbose stack     at Request.self.callback (/home/user/DMI/t/node-v6.14.1-linux-x64/lib/node_modules/npm/node_modules/request/request.js:187:22)
28 verbose stack     at emitTwo (events.js:106:13)
28 verbose stack     at Request.emit (events.js:191:7)
28 verbose stack     at Request.<anonymous> (/home/user/DMI/t/node-v6.14.1-linux-x64/lib/node_modules/npm/node_modules/request/request.js:1048:10)
28 verbose stack     at emitOne (events.js:96:13)
28 verbose stack     at Request.emit (events.js:188:7)
28 verbose stack     at IncomingMessage.<anonymous> (/home/user/DMI/t/node-v6.14.1-linux-x64/lib/node_modules/npm/node_modules/request/request.js:969:12)
29 verbose statusCode 404
30 verbose pkgid bower.json
31 verbose cwd /home/user/DMI/t/node-v6.14.1-linux-x64
32 error Linux 4.4.0-116-generic
33 error argv "/home/user/DMI/t/node-v6.14.1-linux-x64/bin/node" "/home/user/DMI/t/node-v6.14.1-linux-x64/bin/npm" "i" "bower.json"
34 error node v6.14.1
35 error npm  v3.10.10
36 error code E404
37 error 404 Registry returned 404 for GET on https://registry.npmjs.org/bower.json
38 error 404
39 error 404 'bower.json' is not in the npm registry.
40 error 404 You should bug the author to publish it (or use the name yourself!)
41 error 404 Note that you can also install from a
42 error 404 tarball, folder, http url, or git url.
43 verbose exit [ 1, true ]
